\BOOKMARK [1][-]{section.1}{Introduction}{}% 1
\BOOKMARK [1][-]{section.2}{Video Streaming}{}% 2
\BOOKMARK [2][-]{subsection.2.1}{CPU Implementation}{section.2}% 3
\BOOKMARK [2][-]{subsection.2.2}{GPU Implementation}{section.2}% 4
\BOOKMARK [3][-]{subsubsection.2.2.1}{Naif version}{subsection.2.2}% 5
\BOOKMARK [3][-]{subsubsection.2.2.2}{Asynchronous APIs and removal of useless operations}{subsection.2.2}% 6
\BOOKMARK [3][-]{subsubsection.2.2.3}{Pinned or page-locked memory}{subsection.2.2}% 7
\BOOKMARK [3][-]{subsubsection.2.2.4}{Kernel global memory access: the cherry on the cake}{subsection.2.2}% 8
\BOOKMARK [1][-]{section.3}{Image Text Overlay}{}% 9
\BOOKMARK [2][-]{subsection.3.1}{GPU Implementation}{section.3}% 10
\BOOKMARK [3][-]{subsubsection.3.1.1}{Naif version}{subsection.3.1}% 11
\BOOKMARK [3][-]{subsubsection.3.1.2}{Exploiting the global memory access optimization}{subsection.3.1}% 12
\BOOKMARK [3][-]{subsubsection.3.1.3}{Constant Memory instead of Global Memory: is it worth?}{subsection.3.1}% 13
\BOOKMARK [1][-]{section.4}{HeatMap}{}% 14
\BOOKMARK [2][-]{subsection.4.1}{Heat map pixel mapping - CPU Naif implementation}{section.4}% 15
\BOOKMARK [2][-]{subsection.4.2}{CUDA implementation}{section.4}% 16
\BOOKMARK [3][-]{subsubsection.4.2.1}{CUDA Naif implementation}{subsection.4.2}% 17
\BOOKMARK [3][-]{subsubsection.4.2.2}{CUDA switching frames}{subsection.4.2}% 18
\BOOKMARK [3][-]{subsubsection.4.2.3}{CUDA Global memory access granularity}{subsection.4.2}% 19
\BOOKMARK [2][-]{subsection.4.3}{Evaluation of the number of threads}{section.4}% 20
\BOOKMARK [3][-]{subsubsection.4.3.1}{Heatmap Conclusions}{subsection.4.3}% 21
\BOOKMARK [1][-]{section.5}{Noise visualizer}{}% 22
\BOOKMARK [2][-]{subsubsection.5.0.1}{Naif CPU implementation}{section.5}% 23
\BOOKMARK [3][-]{subsubsection.5.0.2}{CUDA implementation}{subsubsection.5.0.1}% 24
\BOOKMARK [3][-]{subsubsection.5.0.3}{CUDA reduction of global memory accesses}{subsubsection.5.0.1}% 25
\BOOKMARK [3][-]{subsubsection.5.0.4}{Overlapping implementation}{subsubsection.5.0.1}% 26
\BOOKMARK [2][-]{subsection.5.1}{Fastest implementation}{section.5}% 27
\BOOKMARK [1][-]{section.6}{Noise filter}{}% 28
\BOOKMARK [2][-]{subsection.6.1}{Convolution filters}{section.6}% 29
\BOOKMARK [2][-]{subsection.6.2}{Mean filter}{section.6}% 30
\BOOKMARK [2][-]{subsection.6.3}{Gaussian filter}{section.6}% 31
\BOOKMARK [2][-]{subsection.6.4}{Tiled CUDA 2D implementation}{section.6}% 32
\BOOKMARK [2][-]{subsection.6.5}{2D CUDA Tiled Median filter}{section.6}% 33
